<testsuites id="" name="" tests="1" failures="0" skipped="0" errors="0" time="10.352962999999999">
<testsuite name="formulario.spec.js" timestamp="2025-08-12T16:52:38.478Z" hostname="chromium" tests="1" failures="0" skipped="0" time="7.726" errors="0">
<testcase name="Pruebas de DemoQA › Seleccionar Tablas" classname="formulario.spec.js" time="7.726">
<system-out>
<![CDATA[
[[ATTACHMENT|test-results/formulario-Pruebas-de-DemoQA-Seleccionar-Tablas-chromium/trace.zip]]
]]>
</system-out>
</testcase>
</testsuite>
</testsuites>